2018-02-02 14:13:12.257 : [IRAP.DataMigration.DataMigirationTransfer.Query][=============== BEGIN ===============]
2018-02-02 14:13:12.284 : [IRAP.DataMigration.DataMigirationTransfer.GetSourceData][=============== BEGIN ===============]
2018-02-02 14:13:12.317 : [IRAP.DataMigration.DataMigirationTransfer.GetSourceData][获取视图uvw_todo_grzy内容：]
2018-02-02 14:13:12.717 : [IRAP.DataMigration.DataMigirationTransfer.GetSourceData][=============== END ===============]
2018-02-02 14:13:12.722 : [IRAP.DataMigration.DataMigirationTransfer.InsertData][=============== BEGIN ===============]
2018-02-02 14:13:12.724 : [IRAP.DataMigration.DataMigirationTransfer.InsertData][执行存储过程 usp_wt_grzy，参数：i_ywno=50|i_gracntno=001186370|i_dwacntno=00076739|i_dstdwacntno=00076818|i_remark=个人转移]
2018-02-02 14:13:13.088 : [IRAP.DataMigration.DataMigrationBase.SaveResult][=============== BEGIN ===============]
2018-02-02 14:13:13.089 : [IRAP.DataMigration.DataMigrationBase.SaveResult][执行存储过程  usp_Back_TranResult，参数：i_ywno=50|i_errCode=0|i_errText=转移成功！ ]
2018-02-02 14:13:13.102 : [IRAP.DataMigration.DataMigrationBase.SaveResult][结果保存成功！]
2018-02-02 14:13:13.104 : [IRAP.DataMigration.DataMigrationBase.SaveResult][=============== END ===============]
2018-02-02 14:13:13.105 : [IRAP.DataMigration.DataMigirationTransfer.InsertData][=============== END ===============]
2018-02-02 14:13:13.105 : [IRAP.DataMigration.DataMigirationTransfer.InsertData][=============== BEGIN ===============]
2018-02-02 14:13:13.105 : [IRAP.DataMigration.DataMigirationTransfer.InsertData][执行存储过程 usp_wt_grzy，参数：i_ywno=85|i_gracntno=004768722|i_dwacntno=00005874|i_dstdwacntno=00011352|i_remark=个人转移]
2018-02-02 14:13:13.280 : [IRAP.DataMigration.DataMigrationBase.SaveResult][=============== BEGIN ===============]
2018-02-02 14:13:13.280 : [IRAP.DataMigration.DataMigrationBase.SaveResult][执行存储过程  usp_Back_TranResult，参数：i_ywno=85|i_errCode=0|i_errText=转移成功！ ]
2018-02-02 14:13:13.284 : [IRAP.DataMigration.DataMigrationBase.SaveResult][结果保存成功！]
2018-02-02 14:13:13.288 : [IRAP.DataMigration.DataMigrationBase.SaveResult][=============== END ===============]
2018-02-02 14:13:13.288 : [IRAP.DataMigration.DataMigirationTransfer.InsertData][=============== END ===============]
2018-02-02 14:28:05.910 : [IRAP.DataMigration.DataMigirationTransfer.Query][=============== BEGIN ===============]
2018-02-02 14:28:05.924 : [IRAP.DataMigration.DataMigrationBase.GetSourceData][=============== BEGIN ===============]
2018-02-02 14:28:05.925 : [IRAP.DataMigration.DataMigrationBase.GetSourceData][获取视图uvw_todo_grzy内容：]
2018-02-02 14:28:06.371 : [IRAP.DataMigration.DataMigrationBase.GetSourceData][=============== END ===============]
2018-02-02 14:28:06.378 : [IRAP.DataMigration.DataMigirationTransfer.InsertData][=============== BEGIN ===============]
2018-02-02 14:28:06.380 : [IRAP.DataMigration.DataMigirationTransfer.InsertData][执行存储过程 usp_wt_grzy，参数：i_ywno=50|i_gracntno=001186370|i_dwacntno=00076739|i_dstdwacntno=00076818|i_remark=个人转移]
2018-02-02 14:28:06.807 : [IRAP.DataMigration.DataMigrationBase.SaveResult][=============== BEGIN ===============]
2018-02-02 14:28:06.807 : [IRAP.DataMigration.DataMigrationBase.SaveResult][执行存储过程  usp_Back_TranResult，参数：i_ywno=50|i_errCode=0|i_errText=转移成功！ ]
2018-02-02 14:28:06.844 : [IRAP.DataMigration.DataMigrationBase.SaveResult][结果保存成功！]
2018-02-02 14:28:06.849 : [IRAP.DataMigration.DataMigrationBase.SaveResult][=============== END ===============]
2018-02-02 14:28:06.849 : [IRAP.DataMigration.DataMigirationTransfer.InsertData][=============== END ===============]
2018-02-02 14:28:06.850 : [IRAP.DataMigration.DataMigirationTransfer.InsertData][=============== BEGIN ===============]
2018-02-02 14:28:06.850 : [IRAP.DataMigration.DataMigirationTransfer.InsertData][执行存储过程 usp_wt_grzy，参数：i_ywno=85|i_gracntno=004768722|i_dwacntno=00005874|i_dstdwacntno=00011352|i_remark=个人转移]
2018-02-02 14:28:07.001 : [IRAP.DataMigration.DataMigrationBase.SaveResult][=============== BEGIN ===============]
2018-02-02 14:28:07.003 : [IRAP.DataMigration.DataMigrationBase.SaveResult][执行存储过程  usp_Back_TranResult，参数：i_ywno=85|i_errCode=0|i_errText=转移成功！ ]
2018-02-02 14:28:07.023 : [IRAP.DataMigration.DataMigrationBase.SaveResult][结果保存成功！]
2018-02-02 14:28:07.028 : [IRAP.DataMigration.DataMigrationBase.SaveResult][=============== END ===============]
2018-02-02 14:28:07.028 : [IRAP.DataMigration.DataMigirationTransfer.InsertData][=============== END ===============]
2018-02-02 14:49:23.344 : [IRAP.DataMigration.DataMigirationTransfer.Query][=============== BEGIN ===============]
2018-02-02 14:49:23.361 : [IRAP.DataMigration.DataMigrationBase.GetSourceData][=============== BEGIN ===============]
2018-02-02 14:49:23.362 : [IRAP.DataMigration.DataMigrationBase.GetSourceData][获取视图uvw_todo_grzy内容：]
2018-02-02 14:49:24.143 : [IRAP.DataMigration.DataMigrationBase.GetSourceData][=============== END ===============]
2018-02-02 14:52:10.455 : [IRAP.DataMigration.DataMigirationTransfer.Query][=============== BEGIN ===============]
2018-02-02 14:52:10.476 : [IRAP.DataMigration.DataMigirationDraw.Query][=============== BEGIN ===============]
2018-02-02 14:52:10.480 : [IRAP.DataMigration.DataMigrationBase.GetSourceData][=============== BEGIN ===============]
2018-02-02 14:52:10.480 : [IRAP.DataMigration.DataMigrationBase.GetSourceData][获取视图uvw_todo_draw内容：]
2018-02-02 14:52:10.480 : [IRAP.DataMigration.DataMigrationBase.GetSourceData][=============== BEGIN ===============]
2018-02-02 14:52:10.481 : [IRAP.DataMigration.DataMigrationBase.GetSourceData][获取视图uvw_todo_grzy内容：]
2018-02-02 14:52:10.919 : [IRAP.DataMigration.DataMigrationBase.GetSourceData][=============== END ===============]
2018-02-02 14:52:10.963 : [IRAP.DataMigration.DataMigrationBase.GetSourceData][=============== END ===============]
2018-02-02 14:53:55.519 : [IRAP.DataMigration.DataMigirationTransfer.Query][=============== BEGIN ===============]
2018-02-02 14:53:55.520 : [IRAP.DataMigration.DataMigirationDraw.Query][=============== BEGIN ===============]
2018-02-02 14:53:55.537 : [IRAP.DataMigration.DataMigrationBase.GetSourceData][=============== BEGIN ===============]
2018-02-02 14:53:55.537 : [IRAP.DataMigration.DataMigrationBase.GetSourceData][=============== BEGIN ===============]
2018-02-02 14:53:55.539 : [IRAP.DataMigration.DataMigrationBase.GetSourceData][获取视图uvw_todo_draw内容：]
2018-02-02 14:53:55.539 : [IRAP.DataMigration.DataMigrationBase.GetSourceData][获取视图uvw_todo_grzy内容：]
2018-02-02 14:53:55.919 : [IRAP.DataMigration.DataMigrationBase.GetSourceData][=============== END ===============]
2018-02-02 14:53:55.944 : [IRAP.DataMigration.DataMigrationBase.GetSourceData][=============== END ===============]
2018-02-02 14:54:26.626 : [IRAP.DataMigration.DataMigirationTransfer.Query][=============== BEGIN ===============]
2018-02-02 14:54:26.631 : [IRAP.DataMigration.DataMigirationDraw.Query][=============== BEGIN ===============]
2018-02-02 14:54:26.648 : [IRAP.DataMigration.DataMigrationBase.GetSourceData][=============== BEGIN ===============]
2018-02-02 14:54:26.649 : [IRAP.DataMigration.DataMigrationBase.GetSourceData][=============== BEGIN ===============]
2018-02-02 14:54:26.649 : [IRAP.DataMigration.DataMigrationBase.GetSourceData][获取视图uvw_todo_grzy内容：]
2018-02-02 14:54:26.649 : [IRAP.DataMigration.DataMigrationBase.GetSourceData][获取视图uvw_todo_draw内容：]
2018-02-02 14:54:27.126 : [IRAP.DataMigration.DataMigrationBase.GetSourceData][=============== END ===============]
2018-02-02 14:54:27.165 : [IRAP.DataMigration.DataMigrationBase.GetSourceData][=============== END ===============]
2018-02-02 14:57:19.488 : [IRAP.DataMigration.DataMigirationDraw.Query][=============== BEGIN ===============]
2018-02-02 14:57:19.489 : [IRAP.DataMigration.DataMigirationTransfer.Query][=============== BEGIN ===============]
2018-02-02 14:57:19.504 : [IRAP.DataMigration.DataMigrationBase.GetSourceData][=============== BEGIN ===============]
2018-02-02 14:57:19.505 : [IRAP.DataMigration.DataMigrationBase.GetSourceData][=============== BEGIN ===============]
2018-02-02 14:57:19.505 : [IRAP.DataMigration.DataMigrationBase.GetSourceData][获取视图uvw_todo_grzy内容：]
2018-02-02 14:57:19.506 : [IRAP.DataMigration.DataMigrationBase.GetSourceData][获取视图uvw_todo_draw内容：]
2018-02-02 14:57:19.975 : [IRAP.DataMigration.DataMigrationBase.GetSourceData][=============== END ===============]
2018-02-02 14:57:20.011 : [IRAP.DataMigration.DataMigrationBase.GetSourceData][=============== END ===============]
2018-02-02 14:57:55.667 : [IRAP.DataMigration.DataMigirationDraw.Query][=============== BEGIN ===============]
2018-02-02 14:57:55.668 : [IRAP.DataMigration.DataMigirationTransfer.Query][=============== BEGIN ===============]
2018-02-02 14:57:55.684 : [IRAP.DataMigration.DataMigrationBase.GetSourceData][=============== BEGIN ===============]
2018-02-02 14:57:55.684 : [IRAP.DataMigration.DataMigrationBase.GetSourceData][=============== BEGIN ===============]
2018-02-02 14:57:55.684 : [IRAP.DataMigration.DataMigrationBase.GetSourceData][获取视图uvw_todo_draw内容：]
2018-02-02 14:57:55.685 : [IRAP.DataMigration.DataMigrationBase.GetSourceData][获取视图uvw_todo_grzy内容：]
2018-02-02 14:57:56.104 : [IRAP.DataMigration.DataMigrationBase.GetSourceData][=============== END ===============]
2018-02-02 14:57:56.105 : [IRAP.DataMigration.DataMigrationBase.GetSourceData][=============== END ===============]
2018-02-02 14:58:17.563 : [IRAP.DataMigration.DataMigirationTransfer.Query][=============== BEGIN ===============]
2018-02-02 14:58:17.564 : [IRAP.DataMigration.DataMigirationDraw.Query][=============== BEGIN ===============]
2018-02-02 14:58:17.583 : [IRAP.DataMigration.DataMigrationBase.GetSourceData][=============== BEGIN ===============]
2018-02-02 14:58:17.584 : [IRAP.DataMigration.DataMigrationBase.GetSourceData][获取视图uvw_todo_draw内容：]
2018-02-02 14:58:17.584 : [IRAP.DataMigration.DataMigrationBase.GetSourceData][=============== BEGIN ===============]
2018-02-02 14:58:17.585 : [IRAP.DataMigration.DataMigrationBase.GetSourceData][获取视图uvw_todo_grzy内容：]
2018-02-02 14:58:18.117 : [IRAP.DataMigration.DataMigrationBase.GetSourceData][=============== END ===============]
2018-02-02 14:58:18.138 : [IRAP.DataMigration.DataMigrationBase.GetSourceData][=============== END ===============]
2018-02-02 14:58:18.146 : [IRAP.DataMigration.DataMigirationDraw.InsertData][=============== BEGIN ===============]
2018-02-02 14:58:18.148 : [IRAP.DataMigration.DataMigirationDraw.InsertData][执行存储过程 usp_wt_draw，参数：i_ywno=29|i_gracntno=006535535|i_gflxid=167508|i_contractno=qwujwjw|i_bankcode=105|i_cardno=6235646464944994994|i_grname=张爱可|i_mobileno=15351796523|i_bjamount=10000|i_lxamount=0|i_remark=购房提取]
2018-02-02 14:58:18.359 : [IRAP.DataMigration.DataMigrationBase.SaveResult][=============== BEGIN ===============]
2018-02-02 14:58:18.360 : [IRAP.DataMigration.DataMigrationBase.SaveResult][执行存储过程  usp_Back_TranResult，参数：i_ywno=29|i_errCode=0|i_errText=提取完成！ ]
2018-02-02 14:58:18.371 : [IRAP.DataMigration.DataMigrationBase.SaveResult][结果保存成功！]
2018-02-02 14:58:18.390 : [IRAP.DataMigration.DataMigrationBase.SaveResult][=============== END ===============]
2018-02-02 14:58:18.523 : [IRAP.DataMigration.DataMigirationDraw.InsertData][=============== END ===============]
2018-02-02 14:58:44.042 : [IRAP.DataMigration.DataMigirationTransfer.Query][=============== BEGIN ===============]
2018-02-02 14:58:44.042 : [IRAP.DataMigration.DataMigirationDraw.Query][=============== BEGIN ===============]
2018-02-02 14:58:44.064 : [IRAP.DataMigration.DataMigrationBase.GetSourceData][=============== BEGIN ===============]
2018-02-02 14:58:44.064 : [IRAP.DataMigration.DataMigrationBase.GetSourceData][获取视图uvw_todo_draw内容：]
2018-02-02 14:58:44.065 : [IRAP.DataMigration.DataMigrationBase.GetSourceData][=============== BEGIN ===============]
2018-02-02 14:58:44.065 : [IRAP.DataMigration.DataMigrationBase.GetSourceData][获取视图uvw_todo_grzy内容：]
2018-02-02 14:58:45.122 : [IRAP.DataMigration.DataMigrationBase.GetSourceData][=============== END ===============]
2018-02-02 14:58:45.128 : [IRAP.DataMigration.DataMigirationTransfer.InsertData][=============== BEGIN ===============]
2018-02-02 14:58:45.128 : [IRAP.DataMigration.DataMigirationTransfer.InsertData][执行存储过程 usp_wt_grzy，参数：i_ywno=50|i_gracntno=001186370|i_dwacntno=00076739|i_dstdwacntno=00076818|i_remark=个人转移]
2018-02-02 14:58:45.157 : [IRAP.DataMigration.DataMigrationBase.GetSourceData][=============== END ===============]
2018-02-02 14:58:45.163 : [IRAP.DataMigration.DataMigirationDraw.InsertData][=============== BEGIN ===============]
2018-02-02 14:58:45.164 : [IRAP.DataMigration.DataMigirationDraw.InsertData][执行存储过程 usp_wt_draw，参数：i_ywno=29|i_gracntno=006535535|i_gflxid=167508|i_contractno=qwujwjw|i_bankcode=105|i_cardno=6235646464944994994|i_grname=张爱可|i_mobileno=15351796523|i_bjamount=10000|i_lxamount=0|i_remark=购房提取]
2018-02-02 14:58:45.450 : [IRAP.DataMigration.DataMigrationBase.SaveResult][=============== BEGIN ===============]
2018-02-02 14:58:45.450 : [IRAP.DataMigration.DataMigrationBase.SaveResult][执行存储过程  usp_Back_TranResult，参数：i_ywno=50|i_errCode=0|i_errText=转移成功！ ]
2018-02-02 14:58:45.458 : [IRAP.DataMigration.DataMigrationBase.SaveResult][结果保存成功！]
2018-02-02 14:58:45.486 : [IRAP.DataMigration.DataMigrationBase.SaveResult][=============== END ===============]
2018-02-02 14:58:45.548 : [IRAP.DataMigration.DataMigrationBase.SaveResult][=============== BEGIN ===============]
2018-02-02 14:58:45.548 : [IRAP.DataMigration.DataMigrationBase.SaveResult][执行存储过程  usp_Back_TranResult，参数：i_ywno=29|i_errCode=0|i_errText=提取完成！ ]
2018-02-02 14:58:45.555 : [IRAP.DataMigration.DataMigrationBase.SaveResult][结果保存成功！]
2018-02-02 14:58:45.557 : [IRAP.DataMigration.DataMigrationBase.SaveResult][=============== END ===============]
2018-02-02 14:58:45.617 : [IRAP.DataMigration.DataMigirationTransfer.InsertData][=============== END ===============]
2018-02-02 14:58:45.617 : [IRAP.DataMigration.DataMigirationTransfer.InsertData][=============== BEGIN ===============]
2018-02-02 14:58:45.617 : [IRAP.DataMigration.DataMigirationTransfer.InsertData][执行存储过程 usp_wt_grzy，参数：i_ywno=85|i_gracntno=004768722|i_dwacntno=00005874|i_dstdwacntno=00011352|i_remark=个人转移]
2018-02-02 14:58:45.622 : [IRAP.DataMigration.DataMigrationBase.SaveResult][=============== BEGIN ===============]
2018-02-02 14:58:45.622 : [IRAP.DataMigration.DataMigrationBase.SaveResult][执行存储过程  usp_Back_TranResult，参数：i_ywno=85|i_errCode=0|i_errText=转移成功！ ]
2018-02-02 14:58:45.626 : [IRAP.DataMigration.DataMigrationBase.SaveResult][结果保存成功！]
2018-02-02 14:58:45.629 : [IRAP.DataMigration.DataMigrationBase.SaveResult][=============== END ===============]
2018-02-02 14:58:45.673 : [IRAP.DataMigration.DataMigirationDraw.InsertData][=============== END ===============]
2018-02-02 14:58:45.675 : [IRAP.DataMigration.DataMigirationTransfer.InsertData][=============== END ===============]
2018-02-02 14:59:20.080 : [IRAP.DataMigration.DataMigirationDraw.Query][=============== BEGIN ===============]
2018-02-02 14:59:20.080 : [IRAP.DataMigration.DataMigirationTransfer.Query][=============== BEGIN ===============]
2018-02-02 14:59:20.095 : [IRAP.DataMigration.DataMigrationBase.GetSourceData][=============== BEGIN ===============]
2018-02-02 14:59:20.096 : [IRAP.DataMigration.DataMigrationBase.GetSourceData][=============== BEGIN ===============]
2018-02-02 14:59:20.096 : [IRAP.DataMigration.DataMigrationBase.GetSourceData][获取视图uvw_todo_draw内容：]
2018-02-02 14:59:20.097 : [IRAP.DataMigration.DataMigrationBase.GetSourceData][获取视图uvw_todo_grzy内容：]
2018-02-02 14:59:20.577 : [IRAP.DataMigration.DataMigrationBase.GetSourceData][=============== END ===============]
2018-02-02 14:59:20.585 : [IRAP.DataMigration.DataMigirationTransfer.InsertData][=============== BEGIN ===============]
2018-02-02 14:59:20.586 : [IRAP.DataMigration.DataMigirationTransfer.InsertData][执行存储过程 usp_wt_grzy，参数：i_ywno=50|i_gracntno=001186370|i_dwacntno=00076739|i_dstdwacntno=00076818|i_remark=个人转移]
2018-02-02 14:59:20.588 : [IRAP.DataMigration.DataMigrationBase.GetSourceData][=============== END ===============]
2018-02-02 14:59:20.597 : [IRAP.DataMigration.DataMigirationDraw.InsertData][=============== BEGIN ===============]
2018-02-02 14:59:20.599 : [IRAP.DataMigration.DataMigirationDraw.InsertData][执行存储过程 usp_wt_draw，参数：i_ywno=29|i_gracntno=006535535|i_gflxid=167508|i_contractno=qwujwjw|i_bankcode=105|i_cardno=6235646464944994994|i_grname=张爱可|i_mobileno=15351796523|i_bjamount=10000|i_lxamount=0|i_remark=购房提取]
2018-02-02 14:59:26.011 : [IRAP.DataMigration.DataMigrationBase.SaveResult][=============== BEGIN ===============]
2018-02-02 14:59:26.011 : [IRAP.DataMigration.DataMigrationBase.SaveResult][执行存储过程  usp_Back_TranResult，参数：i_ywno=29|i_errCode=0|i_errText=提取完成！ ]
2018-02-02 14:59:26.023 : [IRAP.DataMigration.DataMigrationBase.SaveResult][=============== BEGIN ===============]
2018-02-02 14:59:26.023 : [IRAP.DataMigration.DataMigrationBase.SaveResult][执行存储过程  usp_Back_TranResult，参数：i_ywno=50|i_errCode=0|i_errText=转移成功！ ]
2018-02-02 14:59:26.129 : [IRAP.DataMigration.DataMigrationBase.SaveResult][结果保存成功！]
2018-02-02 14:59:26.130 : [IRAP.DataMigration.DataMigrationBase.SaveResult][结果保存成功！]
2018-02-02 14:59:26.167 : [IRAP.DataMigration.DataMigrationBase.SaveResult][=============== END ===============]
2018-02-02 14:59:26.167 : [IRAP.DataMigration.DataMigrationBase.SaveResult][=============== END ===============]
2018-02-02 15:00:01.806 : [IRAP.DataMigration.DataMigirationTransfer.Query][=============== BEGIN ===============]
2018-02-02 15:00:01.807 : [IRAP.DataMigration.DataMigirationDraw.Query][=============== BEGIN ===============]
2018-02-02 15:00:01.822 : [IRAP.DataMigration.DataMigrationBase.GetSourceData][=============== BEGIN ===============]
2018-02-02 15:00:01.823 : [IRAP.DataMigration.DataMigrationBase.GetSourceData][获取视图uvw_todo_draw内容：]
2018-02-02 15:00:01.823 : [IRAP.DataMigration.DataMigrationBase.GetSourceData][=============== BEGIN ===============]
2018-02-02 15:00:01.824 : [IRAP.DataMigration.DataMigrationBase.GetSourceData][获取视图uvw_todo_grzy内容：]
2018-02-02 15:00:02.207 : [IRAP.DataMigration.DataMigrationBase.GetSourceData][=============== END ===============]
2018-02-02 15:00:02.208 : [IRAP.DataMigration.DataMigrationBase.GetSourceData][=============== END ===============]
2018-02-02 15:00:02.215 : [IRAP.DataMigration.DataMigirationTransfer.InsertData][=============== BEGIN ===============]
2018-02-02 15:00:02.216 : [IRAP.DataMigration.DataMigirationTransfer.InsertData][执行存储过程 usp_wt_grzy，参数：i_ywno=50|i_gracntno=001186370|i_dwacntno=00076739|i_dstdwacntno=00076818|i_remark=个人转移]
2018-02-02 15:00:02.219 : [IRAP.DataMigration.DataMigirationDraw.InsertData][=============== BEGIN ===============]
2018-02-02 15:00:02.221 : [IRAP.DataMigration.DataMigirationDraw.InsertData][执行存储过程 usp_wt_draw，参数：i_ywno=29|i_gracntno=006535535|i_gflxid=167508|i_contractno=qwujwjw|i_bankcode=105|i_cardno=6235646464944994994|i_grname=张爱可|i_mobileno=15351796523|i_bjamount=10000|i_lxamount=0|i_remark=购房提取]
2018-02-02 15:00:04.579 : [IRAP.DataMigration.DataMigrationBase.SaveResult][=============== BEGIN ===============]
2018-02-02 15:00:04.581 : [IRAP.DataMigration.DataMigrationBase.SaveResult][执行存储过程  usp_Back_TranResult，参数：i_ywno=50|i_errCode=0|i_errText=转移成功！ ]
2018-02-02 15:00:04.591 : [IRAP.DataMigration.DataMigrationBase.SaveResult][结果保存成功！]
2018-02-02 15:00:04.601 : [IRAP.DataMigration.DataMigrationBase.SaveResult][=============== END ===============]
2018-02-02 15:00:04.625 : [IRAP.DataMigration.DataMigrationBase.SaveResult][=============== BEGIN ===============]
2018-02-02 15:00:04.626 : [IRAP.DataMigration.DataMigrationBase.SaveResult][执行存储过程  usp_Back_TranResult，参数：i_ywno=29|i_errCode=0|i_errText=提取完成！ ]
2018-02-02 15:00:04.631 : [IRAP.DataMigration.DataMigrationBase.SaveResult][结果保存成功！]
2018-02-02 15:00:04.633 : [IRAP.DataMigration.DataMigrationBase.SaveResult][=============== END ===============]
2018-02-02 15:00:04.795 : [IRAP.DataMigration.DataMigirationTransfer.InsertData][=============== END ===============]
2018-02-02 15:00:04.795 : [IRAP.DataMigration.DataMigirationTransfer.InsertData][=============== BEGIN ===============]
2018-02-02 15:00:04.796 : [IRAP.DataMigration.DataMigirationTransfer.InsertData][执行存储过程 usp_wt_grzy，参数：i_ywno=85|i_gracntno=004768722|i_dwacntno=00005874|i_dstdwacntno=00011352|i_remark=个人转移]
2018-02-02 15:00:04.805 : [IRAP.DataMigration.DataMigrationBase.SaveResult][=============== BEGIN ===============]
2018-02-02 15:00:04.805 : [IRAP.DataMigration.DataMigrationBase.SaveResult][执行存储过程  usp_Back_TranResult，参数：i_ywno=85|i_errCode=0|i_errText=转移成功！ ]
2018-02-02 15:00:04.814 : [IRAP.DataMigration.DataMigrationBase.SaveResult][结果保存成功！]
2018-02-02 15:00:04.820 : [IRAP.DataMigration.DataMigrationBase.SaveResult][=============== END ===============]
2018-02-02 15:00:04.857 : [IRAP.DataMigration.DataMigirationDraw.InsertData][=============== END ===============]
2018-02-02 15:00:04.861 : [IRAP.DataMigration.DataMigirationTransfer.InsertData][=============== END ===============]
